GROUP,PACKAGE,CLASS,INSTRUCTION_MISSED,INSTRUCTION_COVERED,BRANCH_MISSED,BRANCH_COVERED,LINE_MISSED,LINE_COVERED,COMPLEXITY_MISSED,COMPLEXITY_COVERED,METHOD_MISSED,METHOD_COVERED
Coverage with JaCoCo,com.daleel.student.ms.confiuration,Cong,0,69,0,0,0,4,0,3,0,3
Coverage with JaCoCo,com.daleel.student.ms.confiuration,AuthenticationHandlerFilter,41,46,4,2,10,15,4,4,1,4
Coverage with JaCoCo,com.daleel.student.ms.confiuration,FilterConfig,0,24,0,0,0,5,0,2,0,2
Coverage with JaCoCo,com.daleel.student.ms,App,0,8,0,0,0,3,0,2,0,2
Coverage with JaCoCo,com.daleel.student.ms.service,StudentServiceImpl,0,193,16,40,0,38,16,19,0,7
Coverage with JaCoCo,com.daleel.student.ms.controller,StudentController,84,95,4,4,13,16,4,6,0,6
Coverage with JaCoCo,com.daleel.student.ms.model,Student,0,58,0,0,0,25,0,11,0,11
